<?xml version="1.0" encoding="UTF-8"?>
<!-- Generated by org.testng.reporters.JUnitReportReporter -->
<testsuite hostname="ArijitSengupta" failures="0" tests="1" name="Academy.ValidateTitleTest" time="0.036" errors="0" timestamp="2021-07-23T09:19:20 IST" skipped="0">
  <testcase classname="Academy.ValidateTitleTest" name="validatePageTitle" time="0.036"/>
  <system-out/>
</testsuite> <!-- Academy.ValidateTitleTest -->
