<?xml version="1.0" encoding="UTF-8"?>
<!-- Generated by org.testng.reporters.JUnitReportReporter -->
<testsuite hostname="ArijitSengupta" failures="0" tests="2" name="Academy.HomePage" time="7.652" errors="0" timestamp="2021-07-22T08:38:42 IST" skipped="0">
  <testcase classname="Academy.HomePage" name="basePageNavigation" time="4.805"/>
  <system-out/>
  <testcase classname="Academy.HomePage" name="basePageNavigation" time="2.847"/>
  <system-out/>
</testsuite> <!-- Academy.HomePage -->
