<?xml version="1.0" encoding="UTF-8"?>
<!-- Generated by org.testng.reporters.JUnitReportReporter -->
<testsuite hostname="ArijitSengupta" failures="0" tests="2" name="Academy.HomePageTest" time="17.003" errors="0" timestamp="2021-07-23T09:19:20 IST" skipped="0">
  <testcase classname="Academy.HomePageTest" name="basePageNavigation" time="2.339"/>
  <system-out/>
  <testcase classname="Academy.HomePageTest" name="basePageNavigation" time="14.664"/>
  <system-out/>
</testsuite> <!-- Academy.HomePageTest -->
