<?xml version="1.0" encoding="UTF-8"?>
<!-- Generated by org.testng.reporters.JUnitReportReporter -->
<testsuite hostname="ArijitSengupta" failures="0" tests="1" name="Academy.ValidateNavigationBar" time="0.085" errors="0" timestamp="2021-07-22T08:38:42 IST" skipped="0">
  <testcase classname="Academy.ValidateNavigationBar" name="basePageNavigation" time="0.085"/>
  <system-out/>
</testsuite> <!-- Academy.ValidateNavigationBar -->
