<?xml version="1.0" encoding="UTF-8"?>
<!-- Generated by org.testng.reporters.JUnitReportReporter -->
<testsuite hostname="ArijitSengupta" failures="0" tests="2" name="Academy.HomePageTest" time="10.258" errors="0" timestamp="2021-07-25T09:19:34 IST" skipped="0">
  <testcase classname="Academy.HomePageTest" name="basePageNavigation" time="4.933"/>
  <system-out/>
  <testcase classname="Academy.HomePageTest" name="basePageNavigation" time="5.325"/>
  <system-out/>
</testsuite> <!-- Academy.HomePageTest -->
