<?xml version="1.0" encoding="UTF-8"?>
<!-- Generated by org.testng.reporters.JUnitReportReporter -->
<testsuite hostname="ArijitSengupta" failures="0" tests="1" name="Academy.ValidateNavigationBarTest" time="0.194" errors="0" timestamp="2021-07-25T09:19:34 IST" skipped="0">
  <testcase classname="Academy.ValidateNavigationBarTest" name="basePageNavigation" time="0.194"/>
  <system-out/>
</testsuite> <!-- Academy.ValidateNavigationBarTest -->
